<?xml version="1.0" encoding="UTF-8"?>
<testng-results ignored="0" total="1" passed="1" failed="0" skipped="0">
  <reporter-output>
  </reporter-output>
  <suite started-at="2023-10-27T13:17:06 GMT" name="Surefire suite" finished-at="2023-10-27T13:18:12 GMT" duration-ms="66153">
    <groups>
    </groups>
    <test started-at="2023-10-27T13:17:06 GMT" name="Surefire test" finished-at="2023-10-27T13:18:12 GMT" duration-ms="66153">
      <class name="accountTests.SubAccountTest">
        <test-method is-config="true" signature="setUpReport()[pri:0, instance:accountTests.SubAccountTest@3070f59f]" started-at="2023-10-27T13:17:05 GMT" name="setUpReport" finished-at="2023-10-27T13:17:06 GMT" duration-ms="139" status="PASS">
          <reporter-output>
          </reporter-output>
        </test-method> <!-- setUpReport -->
        <test-method is-config="true" signature="setUp()[pri:0, instance:accountTests.SubAccountTest@3070f59f]" started-at="2023-10-27T13:17:06 GMT" name="setUp" finished-at="2023-10-27T13:18:03 GMT" duration-ms="57076" status="PASS">
          <reporter-output>
          </reporter-output>
        </test-method> <!-- setUp -->
        <test-method signature="logIn()[pri:1, instance:accountTests.SubAccountTest@3070f59f]" started-at="2023-10-27T13:18:03 GMT" name="logIn" finished-at="2023-10-27T13:18:12 GMT" duration-ms="9047" status="PASS">
          <reporter-output>
          </reporter-output>
        </test-method> <!-- logIn -->
        <test-method is-config="true" signature="tearDown()[pri:0, instance:accountTests.SubAccountTest@3070f59f]" started-at="2023-10-27T13:18:12 GMT" name="tearDown" finished-at="2023-10-27T13:18:12 GMT" duration-ms="4" status="PASS">
          <reporter-output>
          </reporter-output>
        </test-method> <!-- tearDown -->
      </class> <!-- accountTests.SubAccountTest -->
    </test> <!-- Surefire test -->
  </suite> <!-- Surefire suite -->
</testng-results>
